Determining if the pthread_create exist failed with the following output:
Change Dir: /home/gheylam/orb_slam/ORB_SLAM3/Examples/ROS/ORB_SLAM3/build/CMakeFiles/CMakeTmp

Run Build Command:"/usr/bin/make" "cmTC_e5623/fast"
/usr/bin/make -f CMakeFiles/cmTC_e5623.dir/build.make CMakeFiles/cmTC_e5623.dir/build
make[1]: Entering directory '/home/gheylam/orb_slam/ORB_SLAM3/Examples/ROS/ORB_SLAM3/build/CMakeFiles/CMakeTmp'
Building C object CMakeFiles/cmTC_e5623.dir/CheckSymbolExists.c.o
/usr/bin/cc    -o CMakeFiles/cmTC_e5623.dir/CheckSymbolExists.c.o   -c /home/gheylam/orb_slam/ORB_SLAM3/Examples/ROS/ORB_SLAM3/build/CMakeFiles/CMakeTmp/CheckSymbolExists.c
Linking C executable cmTC_e5623
/usr/bin/cmake -E cmake_link_script CMakeFiles/cmTC_e5623.dir/link.txt --verbose=1
/usr/bin/cc      -rdynamic CMakeFiles/cmTC_e5623.dir/CheckSymbolExists.c.o  -o cmTC_e5623 
CMakeFiles/cmTC_e5623.dir/CheckSymbolExists.c.o: In function `main':
CheckSymbolExists.c:(.text+0x1b): undefined reference to `pthread_create'
collect2: error: ld returned 1 exit status
CMakeFiles/cmTC_e5623.dir/build.make:97: recipe for target 'cmTC_e5623' failed
make[1]: *** [cmTC_e5623] Error 1
make[1]: Leaving directory '/home/gheylam/orb_slam/ORB_SLAM3/Examples/ROS/ORB_SLAM3/build/CMakeFiles/CMakeTmp'
Makefile:126: recipe for target 'cmTC_e5623/fast' failed
make: *** [cmTC_e5623/fast] Error 2

File /home/gheylam/orb_slam/ORB_SLAM3/Examples/ROS/ORB_SLAM3/build/CMakeFiles/CMakeTmp/CheckSymbolExists.c:
/* */
#include <pthread.h>

int main(int argc, char** argv)
{
  (void)argv;
#ifndef pthread_create
  return ((int*)(&pthread_create))[argc];
#else
  (void)argc;
  return 0;
#endif
}

Determining if the function pthread_create exists in the pthreads failed with the following output:
Change Dir: /home/gheylam/orb_slam/ORB_SLAM3/Examples/ROS/ORB_SLAM3/build/CMakeFiles/CMakeTmp

Run Build Command:"/usr/bin/make" "cmTC_39acf/fast"
/usr/bin/make -f CMakeFiles/cmTC_39acf.dir/build.make CMakeFiles/cmTC_39acf.dir/build
make[1]: Entering directory '/home/gheylam/orb_slam/ORB_SLAM3/Examples/ROS/ORB_SLAM3/build/CMakeFiles/CMakeTmp'
Building C object CMakeFiles/cmTC_39acf.dir/CheckFunctionExists.c.o
/usr/bin/cc   -DCHECK_FUNCTION_EXISTS=pthread_create   -o CMakeFiles/cmTC_39acf.dir/CheckFunctionExists.c.o   -c /usr/share/cmake-3.10/Modules/CheckFunctionExists.c
Linking C executable cmTC_39acf
/usr/bin/cmake -E cmake_link_script CMakeFiles/cmTC_39acf.dir/link.txt --verbose=1
/usr/bin/cc  -DCHECK_FUNCTION_EXISTS=pthread_create    -rdynamic CMakeFiles/cmTC_39acf.dir/CheckFunctionExists.c.o  -o cmTC_39acf -lpthreads 
/usr/bin/ld: cannot find -lpthreads
collect2: error: ld returned 1 exit status
CMakeFiles/cmTC_39acf.dir/build.make:97: recipe for target 'cmTC_39acf' failed
make[1]: *** [cmTC_39acf] Error 1
make[1]: Leaving directory '/home/gheylam/orb_slam/ORB_SLAM3/Examples/ROS/ORB_SLAM3/build/CMakeFiles/CMakeTmp'
Makefile:126: recipe for target 'cmTC_39acf/fast' failed
make: *** [cmTC_39acf/fast] Error 2


